<?xml version="1.0" encoding="UTF-8"?>
<testng-results total="3" passed="3" failed="0" skipped="0">
  <reporter-output>
  </reporter-output>
  <suite started-at="2022-06-02T20:11:37Z" name="Default Suite" finished-at="2022-06-02T20:12:11Z" duration-ms="34080">
    <groups>
    </groups>
    <test started-at="2022-06-02T20:11:37Z" name="HarshaProject" finished-at="2022-06-02T20:12:11Z" duration-ms="34080">
      <class name="rahulshettytests.MediumTests">
        <test-method is-config="true" signature="getURL()[pri:0, instance:rahulshettytests.MediumTests@145eaa29]" started-at="2022-06-03T01:41:37Z" name="getURL" finished-at="2022-06-03T01:41:46Z" duration-ms="9245" status="PASS">
          <reporter-output>
          </reporter-output>
        </test-method> <!-- getURL -->
        <test-method signature="switchAlert()[pri:0, instance:rahulshettytests.MediumTests@145eaa29]" started-at="2022-06-03T01:41:46Z" name="switchAlert" finished-at="2022-06-03T01:41:47Z" duration-ms="347" status="PASS">
          <reporter-output>
          </reporter-output>
        </test-method> <!-- switchAlert -->
        <test-method signature="switchTabs()[pri:0, instance:rahulshettytests.MediumTests@145eaa29]" started-at="2022-06-03T01:41:47Z" name="switchTabs" finished-at="2022-06-03T01:41:51Z" duration-ms="4138" status="PASS">
          <reporter-output>
          </reporter-output>
        </test-method> <!-- switchTabs -->
        <test-method signature="switchWindow()[pri:0, instance:rahulshettytests.MediumTests@145eaa29]" started-at="2022-06-03T01:41:51Z" name="switchWindow" finished-at="2022-06-03T01:42:09Z" duration-ms="18530" status="PASS">
          <reporter-output>
          </reporter-output>
        </test-method> <!-- switchWindow -->
        <test-method is-config="true" signature="EndSession()[pri:0, instance:rahulshettytests.MediumTests@145eaa29]" started-at="2022-06-03T01:42:09Z" name="EndSession" finished-at="2022-06-03T01:42:11Z" duration-ms="1794" status="PASS">
          <reporter-output>
          </reporter-output>
        </test-method> <!-- EndSession -->
      </class> <!-- rahulshettytests.MediumTests -->
    </test> <!-- HarshaProject -->
  </suite> <!-- Default Suite -->
</testng-results>
